<?xml version="1.0" encoding="UTF-8"?>
<!-- Generated by org.testng.reporters.JUnitXMLReporter -->
<testsuite ignored="0" hostname="DESKTOP-NIB1RFJ" failures="0" tests="3" name="Default test" time="16.317" errors="0" timestamp="2024-08-09T00:50:36 IST">
  <testcase classname="TestNGAssignments.Assignment2DataDrivenMethod" name="login" time="5.848"/>
  <testcase classname="TestNGAssignments.Assignment2DataDrivenMethod" name="login" time="5.542"/>
  <testcase classname="TestNGAssignments.Assignment2DataDrivenMethod" name="login" time="4.814"/>
</testsuite> <!-- Default test -->
