<?xml version="1.0" encoding="UTF-8"?>
<!-- Generated by org.testng.reporters.JUnitXMLReporter -->
<testsuite ignored="0" hostname="DESKTOP-NIB1RFJ" failures="2" tests="2" name="GroupTest" time="0.118" errors="0" timestamp="2024-08-11T20:53:40 IST">
  <testcase classname="GroupsAssignments.Assignment3TestNGGroups" name="formCreation" time="0.024">
    <failure type="java.lang.NullPointerException" message="Cannot invoke &amp;quot;org.openqa.selenium.WebDriver.findElement(org.openqa.selenium.By)&amp;quot; because &amp;quot;this.chromeDriver&amp;quot; is null">
      <![CDATA[java.lang.NullPointerException: Cannot invoke "org.openqa.selenium.WebDriver.findElement(org.openqa.selenium.By)" because "this.chromeDriver" is null
at GroupsAssignments.Assignment3TestNGGroups.formCreation(Assignment3TestNGGroups.java:51)
at java.base/java.util.ArrayList.forEach(ArrayList.java:1511)
... Removed 27 stack frames]]>
    </failure>
  </testcase> <!-- formCreation -->
  <testcase classname="GroupsAssignments.Assignment3TestNGGroups" name="openFormPage" time="0.003">
    <failure type="java.lang.NullPointerException" message="Cannot invoke &amp;quot;org.openqa.selenium.WebDriver.findElement(org.openqa.selenium.By)&amp;quot; because &amp;quot;this.chromeDriver&amp;quot; is null">
      <![CDATA[java.lang.NullPointerException: Cannot invoke "org.openqa.selenium.WebDriver.findElement(org.openqa.selenium.By)" because "this.chromeDriver" is null
at GroupsAssignments.Assignment3TestNGGroups.openFormPage(Assignment3TestNGGroups.java:42)
at java.base/java.util.ArrayList.forEach(ArrayList.java:1511)
... Removed 27 stack frames]]>
    </failure>
  </testcase> <!-- openFormPage -->
</testsuite> <!-- GroupTest -->
