<?xml version="1.0" encoding="UTF-8"?>
<!-- Generated by org.testng.reporters.JUnitXMLReporter -->
<testsuite ignored="1" hostname="DESKTOP-NIB1RFJ" failures="1" tests="1" name="Smoke test" time="0.103" errors="0" timestamp="2024-08-11T22:47:01 IST">
  <testcase classname="GroupsAssignments.Assignment3TestNGGroups" name="openFormPage" time="0.023">
    <failure type="java.lang.NullPointerException" message="Cannot invoke &amp;quot;org.openqa.selenium.WebDriver.get(String)&amp;quot; because &amp;quot;this.chromeDriver&amp;quot; is null">
      <![CDATA[java.lang.NullPointerException: Cannot invoke "org.openqa.selenium.WebDriver.get(String)" because "this.chromeDriver" is null
at GroupsAssignments.Assignment3TestNGGroups.openFormPage(Assignment3TestNGGroups.java:45)
at java.base/java.util.ArrayList.forEach(ArrayList.java:1511)
... Removed 27 stack frames]]>
    </failure>
  </testcase> <!-- openFormPage -->
  <testcase classname="GroupsAssignments.Assignment3TestNGGroups" name="formCreation" time="0.0">
    <ignored/>
  </testcase> <!-- formCreation -->
</testsuite> <!-- Smoke test -->
