<?xml version="1.0" encoding="UTF-8"?>
<testng-results ignored="0" total="2" passed="0" failed="1" skipped="1">
  <reporter-output>
  </reporter-output>
  <suite started-at="2024-08-11T22:48:45 IST" name="GroupsDemo" finished-at="2024-08-11T22:48:46 IST" duration-ms="231">
    <groups>
      <group name="SmokeTest">
        <method signature="Assignment3TestNGGroups.openFormPage()[pri:0, instance:GroupsAssignments.Assignment3TestNGGroups@1e04fa0a]" name="openFormPage" class="GroupsAssignments.Assignment3TestNGGroups"/>
      </group> <!-- SmokeTest -->
      <group name="RegressionTest">
        <method signature="Assignment3TestNGGroups.formCreation()[pri:0, instance:GroupsAssignments.Assignment3TestNGGroups@1e04fa0a]" name="formCreation" class="GroupsAssignments.Assignment3TestNGGroups"/>
      </group> <!-- RegressionTest -->
    </groups>
    <test started-at="2024-08-11T22:48:45 IST" name="GroupTest" finished-at="2024-08-11T22:48:46 IST" duration-ms="231">
      <class name="GroupsAssignments.Assignment3TestNGGroups">
        <test-method signature="openFormPage()[pri:0, instance:GroupsAssignments.Assignment3TestNGGroups@1e04fa0a]" started-at="2024-08-11T22:48:45 IST" name="openFormPage" finished-at="2024-08-11T22:48:46 IST" duration-ms="26" status="FAIL">
          <exception class="java.lang.NullPointerException">
            <message>
              <![CDATA[Cannot invoke "org.openqa.selenium.WebDriver.get(String)" because "this.chromeDriver" is null]]>
            </message>
            <full-stacktrace>
              <![CDATA[java.lang.NullPointerException: Cannot invoke "org.openqa.selenium.WebDriver.get(String)" because "this.chromeDriver" is null
at GroupsAssignments.Assignment3TestNGGroups.openFormPage(Assignment3TestNGGroups.java:45)
at java.base/jdk.internal.reflect.NativeMethodAccessorImpl.invoke0(Native Method)
at java.base/jdk.internal.reflect.NativeMethodAccessorImpl.invoke(NativeMethodAccessorImpl.java:77)
at java.base/jdk.internal.reflect.DelegatingMethodAccessorImpl.invoke(DelegatingMethodAccessorImpl.java:43)
at java.base/java.lang.reflect.Method.invoke(Method.java:568)
at org.testng.internal.MethodInvocationHelper.invokeMethod(MethodInvocationHelper.java:133)
at org.testng.internal.TestInvoker.invokeMethod(TestInvoker.java:598)
at org.testng.internal.TestInvoker.invokeTestMethod(TestInvoker.java:173)
at org.testng.internal.MethodRunner.runInSequence(MethodRunner.java:46)
at org.testng.internal.TestInvoker$MethodInvocationAgent.invoke(TestInvoker.java:824)
at org.testng.internal.TestInvoker.invokeTestMethods(TestInvoker.java:146)
at org.testng.internal.TestMethodWorker.invokeTestMethods(TestMethodWorker.java:146)
at org.testng.internal.TestMethodWorker.run(TestMethodWorker.java:128)
at java.base/java.util.ArrayList.forEach(ArrayList.java:1511)
at org.testng.TestRunner.privateRun(TestRunner.java:794)
at org.testng.TestRunner.run(TestRunner.java:596)
at org.testng.SuiteRunner.runTest(SuiteRunner.java:377)
at org.testng.SuiteRunner.runSequentially(SuiteRunner.java:371)
at org.testng.SuiteRunner.privateRun(SuiteRunner.java:332)
at org.testng.SuiteRunner.run(SuiteRunner.java:276)
at org.testng.SuiteRunnerWorker.runSuite(SuiteRunnerWorker.java:53)
at org.testng.SuiteRunnerWorker.run(SuiteRunnerWorker.java:96)
at org.testng.TestNG.runSuitesSequentially(TestNG.java:1212)
at org.testng.TestNG.runSuitesLocally(TestNG.java:1134)
at org.testng.TestNG.runSuites(TestNG.java:1063)
at org.testng.TestNG.run(TestNG.java:1031)
at org.testng.remote.AbstractRemoteTestNG.run(AbstractRemoteTestNG.java:115)
at org.testng.remote.RemoteTestNG.initAndRun(RemoteTestNG.java:251)
at org.testng.remote.RemoteTestNG.main(RemoteTestNG.java:77)
]]>
            </full-stacktrace>
          </exception> <!-- java.lang.NullPointerException -->
          <reporter-output>
          </reporter-output>
        </test-method> <!-- openFormPage -->
        <test-method signature="formCreation()[pri:0, instance:GroupsAssignments.Assignment3TestNGGroups@1e04fa0a]" started-at="2024-08-11T22:48:46 IST" name="formCreation" depends-on-groups="SmokeTest" finished-at="2024-08-11T22:48:46 IST" duration-ms="0" status="SKIP">
          <exception class="java.lang.Throwable">
            <message>
              <![CDATA[Method Assignment3TestNGGroups.formCreation()[pri:0, instance:GroupsAssignments.Assignment3TestNGGroups@1e04fa0a] depends on not successfully finished methods in group "SmokeTest"]]>
            </message>
            <full-stacktrace>
              <![CDATA[java.lang.Throwable: Method Assignment3TestNGGroups.formCreation()[pri:0, instance:GroupsAssignments.Assignment3TestNGGroups@1e04fa0a] depends on not successfully finished methods in group "SmokeTest"
at org.testng.internal.TestInvoker.invokeTestMethods(TestInvoker.java:102)
at org.testng.internal.TestMethodWorker.invokeTestMethods(TestMethodWorker.java:146)
at org.testng.internal.TestMethodWorker.run(TestMethodWorker.java:128)
at java.base/java.util.ArrayList.forEach(ArrayList.java:1511)
at org.testng.TestRunner.privateRun(TestRunner.java:794)
at org.testng.TestRunner.run(TestRunner.java:596)
at org.testng.SuiteRunner.runTest(SuiteRunner.java:377)
at org.testng.SuiteRunner.runSequentially(SuiteRunner.java:371)
at org.testng.SuiteRunner.privateRun(SuiteRunner.java:332)
at org.testng.SuiteRunner.run(SuiteRunner.java:276)
at org.testng.SuiteRunnerWorker.runSuite(SuiteRunnerWorker.java:53)
at org.testng.SuiteRunnerWorker.run(SuiteRunnerWorker.java:96)
at org.testng.TestNG.runSuitesSequentially(TestNG.java:1212)
at org.testng.TestNG.runSuitesLocally(TestNG.java:1134)
at org.testng.TestNG.runSuites(TestNG.java:1063)
at org.testng.TestNG.run(TestNG.java:1031)
at org.testng.remote.AbstractRemoteTestNG.run(AbstractRemoteTestNG.java:115)
at org.testng.remote.RemoteTestNG.initAndRun(RemoteTestNG.java:251)
at org.testng.remote.RemoteTestNG.main(RemoteTestNG.java:77)
]]>
            </full-stacktrace>
          </exception> <!-- java.lang.Throwable -->
          <reporter-output>
          </reporter-output>
        </test-method> <!-- formCreation -->
      </class> <!-- GroupsAssignments.Assignment3TestNGGroups -->
    </test> <!-- GroupTest -->
  </suite> <!-- GroupsDemo -->
</testng-results>
