<?xml version="1.0" encoding="UTF-8"?>
<testng-results ignored="0" total="1" passed="1" failed="0" skipped="0">
  <reporter-output>
  </reporter-output>
  <suite started-at="2024-08-08T00:13:09 IST" name="Default suite" finished-at="2024-08-08T00:14:45 IST" duration-ms="95613">
    <groups>
    </groups>
    <test started-at="2024-08-08T00:13:09 IST" name="Default test" finished-at="2024-08-08T00:14:45 IST" duration-ms="95613">
      <class name="TestNGAssignments.Assignment1">
        <test-method is-config="true" signature="initializeDriver()[pri:0, instance:TestNGAssignments.Assignment1@c88a337]" started-at="2024-08-08T00:13:09 IST" name="initializeDriver" finished-at="2024-08-08T00:14:38 IST" duration-ms="88478" status="PASS">
          <reporter-output>
          </reporter-output>
        </test-method> <!-- initializeDriver -->
        <test-method signature="login()[pri:0, instance:TestNGAssignments.Assignment1@c88a337]" started-at="2024-08-08T00:14:38 IST" name="login" finished-at="2024-08-08T00:14:44 IST" duration-ms="6272" status="PASS">
          <reporter-output>
          </reporter-output>
        </test-method> <!-- login -->
        <test-method is-config="true" signature="closeWindow()[pri:0, instance:TestNGAssignments.Assignment1@c88a337]" started-at="2024-08-08T00:14:44 IST" name="closeWindow" finished-at="2024-08-08T00:14:45 IST" duration-ms="491" status="PASS">
          <reporter-output>
          </reporter-output>
        </test-method> <!-- closeWindow -->
      </class> <!-- TestNGAssignments.Assignment1 -->
    </test> <!-- Default test -->
  </suite> <!-- Default suite -->
</testng-results>
