<?xml version="1.0" encoding="UTF-8"?>
<!-- Generated by org.testng.reporters.JUnitXMLReporter -->
<testsuite ignored="1" hostname="DESKTOP-NIB1RFJ" failures="0" tests="1" name="GroupTest" time="19.737" errors="0" timestamp="2024-08-11T17:07:56 IST">
  <testcase classname="GroupsAssignments.Assignment3TestNGGroups" name="openFormPage" time="19.624"/>
  <testcase classname="GroupsAssignments.Assignment3TestNGGroups" name="formCreation" time="0.0">
    <ignored/>
  </testcase> <!-- formCreation -->
</testsuite> <!-- GroupTest -->
